2025-07-24 10:34:10 | INFO     | main:lifespan:37 - Starting Provider Registration API...
2025-07-24 10:34:10 | INFO     | main:lifespan:43 - Database tables created successfully
2025-07-24 10:34:10 | INFO     | main:lifespan:47 - Provider Registration API started successfully on Provider Registration API v1.0.0
2025-07-24 10:49:56 | INFO     | main:lifespan:54 - Shutting down Provider Registration API...
2025-07-24 11:00:14 | INFO     | main:lifespan:38 - Starting Provider Registration API...
2025-07-24 11:00:14 | INFO     | main:lifespan:44 - Database tables created successfully
2025-07-24 11:00:14 | INFO     | main:lifespan:48 - Provider Registration API started successfully on Provider Registration API v1.0.0
2025-07-24 11:11:53 | INFO     | main:lifespan:55 - Shutting down Provider Registration API...

2025-07-31 08:11:59 | INFO     | main:lifespan:38 - Starting Provider Registration API...
2025-07-31 08:11:59 | INFO     | main:lifespan:44 - Database tables created successfully
2025-07-31 08:11:59 | INFO     | main:lifespan:48 - Provider Registration API started successfully on Provider Registration API v1.0.0
2025-07-31 08:18:51 | INFO     | main:lifespan:55 - Shutting down Provider Registration API...
2025-07-31 08:18:53 | INFO     | main:lifespan:38 - Starting Provider Registration API...
2025-07-31 08:18:53 | INFO     | main:lifespan:44 - Database tables created successfully
2025-07-31 08:18:53 | INFO     | main:lifespan:48 - Provider Registration API started successfully on Provider Registration API v1.0.0
2025-07-31 08:20:12 | INFO     | main:lifespan:38 - Starting Provider Registration API...
2025-07-31 08:20:12 | INFO     | main:lifespan:44 - Database tables created successfully
2025-07-31 08:20:12 | INFO     | main:lifespan:48 - Provider Registration API started successfully on Provider Registration API v1.0.0
2025-07-31 09:13:55 | INFO     | main:lifespan:55 - Shutting down Provider Registration API...
2025-07-31 09:32:01 | INFO     | main:lifespan:41 - Starting Provider Registration API...
2025-07-31 09:32:01 | INFO     | main:lifespan:47 - Database tables created successfully
2025-07-31 09:32:01 | INFO     | main:lifespan:51 - Provider Registration API started successfully on Provider Registration API v1.0.0
2025-07-31 09:32:59 | INFO     | main:lifespan:58 - Shutting down Provider Registration API...
2025-07-31 09:33:01 | INFO     | main:lifespan:41 - Starting Provider Registration API...
2025-07-31 09:33:01 | INFO     | main:lifespan:47 - Database tables created successfully
2025-07-31 09:33:01 | INFO     | main:lifespan:51 - Provider Registration API started successfully on Provider Registration API v1.0.0
2025-07-31 15:10:06 | ERROR    | app.utils.auth_utils:verify_patient_token:80 - Error verifying token: 
2025-07-31 15:11:08 | INFO     | main:lifespan:41 - Starting Provider Registration API...
2025-07-31 15:11:08 | ERROR    | main:lifespan:49 - Failed to create database tables: (psycopg2.OperationalError) connection to server at "localhost" (127.0.0.1), port 5432 failed: FATAL:  password authentication failed for user "user"
connection to server at "localhost" (127.0.0.1), port 5432 failed: FATAL:  password authentication failed for user "user"

(Background on this error at: https://sqlalche.me/e/20/e3q8)
2025-07-31 15:11:08 | INFO     | main:lifespan:51 - Provider Registration API started successfully on Provider Registration API v1.0.0
2025-07-31 15:11:11 | ERROR    | app.services.patient_service:login_patient:317 - Error during patient login: (psycopg2.OperationalError) connection to server at "localhost" (127.0.0.1), port 5432 failed: FATAL:  password authentication failed for user "user"
connection to server at "localhost" (127.0.0.1), port 5432 failed: FATAL:  password authentication failed for user "user"

(Background on this error at: https://sqlalche.me/e/20/e3q8)
2025-07-31 15:11:20 | ERROR    | app.services.patient_service:login_patient:317 - Error during patient login: (psycopg2.OperationalError) connection to server at "localhost" (127.0.0.1), port 5432 failed: FATAL:  password authentication failed for user "user"
connection to server at "localhost" (127.0.0.1), port 5432 failed: FATAL:  password authentication failed for user "user"

(Background on this error at: https://sqlalche.me/e/20/e3q8)
2025-07-31 09:41:39 | INFO     | main:lifespan:58 - Shutting down Provider Registration API...
2025-07-31 15:11:39 | INFO     | main:lifespan:58 - Shutting down Provider Registration API...
2025-07-31 09:41:41 | INFO     | main:lifespan:41 - Starting Provider Registration API...
2025-07-31 09:41:41 | INFO     | main:lifespan:47 - Database tables created successfully
2025-07-31 09:41:41 | INFO     | main:lifespan:51 - Provider Registration API started successfully on Provider Registration API v1.0.0
2025-07-31 10:08:32 | INFO     | main:lifespan:58 - Shutting down Provider Registration API...
2025-07-31 10:10:08 | INFO     | main:lifespan:42 - Starting Provider Registration API...
2025-07-31 10:10:08 | INFO     | main:lifespan:48 - Database tables created successfully
2025-07-31 10:10:08 | INFO     | main:lifespan:52 - Provider Registration API started successfully on Provider Registration API v1.0.0
